# Matched configuration lines - 2025-05-23T17:30:12.725805
# Total matched: 815

Backup          | backup: enabled
Backup          | backup_schedule: daily
Cache           | cache: enabled
Cache           | cache_ttl: 300s
CircuitBreaker  | circuit_breaker: enabled
Timeout         | connection_timeout: 101s
Timeout         | connection_timeout: 103s
Timeout         | connection_timeout: 104s
Timeout         | connection_timeout: 105s
Timeout         | connection_timeout: 106s
Timeout         | connection_timeout: 108s
Timeout         | connection_timeout: 109s
Timeout         | connection_timeout: 111s
Timeout         | connection_timeout: 112s
Timeout         | connection_timeout: 113s
Timeout         | connection_timeout: 114s
Timeout         | connection_timeout: 115s
Timeout         | connection_timeout: 118s
Timeout         | connection_timeout: 119s
Timeout         | connection_timeout: 120s
Timeout         | connection_timeout: 121s
Timeout         | connection_timeout: 122s
Timeout         | connection_timeout: 123s
Timeout         | connection_timeout: 124s
Timeout         | connection_timeout: 127s
Timeout         | connection_timeout: 128s
Timeout         | connection_timeout: 130s
Timeout         | connection_timeout: 131s
Timeout         | connection_timeout: 132s
Timeout         | connection_timeout: 135s
Timeout         | connection_timeout: 136s
Timeout         | connection_timeout: 137s
Timeout         | connection_timeout: 139s
Timeout         | connection_timeout: 143s
Timeout         | connection_timeout: 144s
Timeout         | connection_timeout: 147s
Timeout         | connection_timeout: 148s
Timeout         | connection_timeout: 149s
Timeout         | connection_timeout: 151s
Timeout         | connection_timeout: 152s
Timeout         | connection_timeout: 153s
Timeout         | connection_timeout: 154s
Timeout         | connection_timeout: 155s
Timeout         | connection_timeout: 157s
Timeout         | connection_timeout: 158s
Timeout         | connection_timeout: 159s
Timeout         | connection_timeout: 160s
Timeout         | connection_timeout: 161s
Timeout         | connection_timeout: 162s
Timeout         | connection_timeout: 163s
Timeout         | connection_timeout: 164s
Timeout         | connection_timeout: 165s
Timeout         | connection_timeout: 166s
Timeout         | connection_timeout: 167s
Timeout         | connection_timeout: 169s
Timeout         | connection_timeout: 170s
Timeout         | connection_timeout: 171s
Timeout         | connection_timeout: 172s
Timeout         | connection_timeout: 173s
Timeout         | connection_timeout: 174s
Timeout         | connection_timeout: 175s
Timeout         | connection_timeout: 176s
Timeout         | connection_timeout: 177s
Timeout         | connection_timeout: 178s
Timeout         | connection_timeout: 179s
Timeout         | connection_timeout: 180s
Timeout         | connection_timeout: 181s
Timeout         | connection_timeout: 183s
Timeout         | connection_timeout: 184s
Timeout         | connection_timeout: 185s
Timeout         | connection_timeout: 186s
Timeout         | connection_timeout: 188s
Timeout         | connection_timeout: 190s
Timeout         | connection_timeout: 191s
Timeout         | connection_timeout: 192s
Timeout         | connection_timeout: 193s
Timeout         | connection_timeout: 195s
Timeout         | connection_timeout: 196s
Timeout         | connection_timeout: 197s
Timeout         | connection_timeout: 198s
Timeout         | connection_timeout: 199s
Timeout         | connection_timeout: 200s
Timeout         | connection_timeout: 202s
Timeout         | connection_timeout: 204s
Timeout         | connection_timeout: 205s
Timeout         | connection_timeout: 206s
Timeout         | connection_timeout: 208s
Timeout         | connection_timeout: 209s
Timeout         | connection_timeout: 210s
Timeout         | connection_timeout: 211s
Timeout         | connection_timeout: 212s
Timeout         | connection_timeout: 213s
Timeout         | connection_timeout: 214s
Timeout         | connection_timeout: 216s
Timeout         | connection_timeout: 217s
Timeout         | connection_timeout: 218s
Timeout         | connection_timeout: 220s
Timeout         | connection_timeout: 221s
Timeout         | connection_timeout: 222s
Timeout         | connection_timeout: 224s
Timeout         | connection_timeout: 225s
Timeout         | connection_timeout: 226s
Timeout         | connection_timeout: 227s
Timeout         | connection_timeout: 228s
Timeout         | connection_timeout: 231s
Timeout         | connection_timeout: 232s
Timeout         | connection_timeout: 233s
Timeout         | connection_timeout: 234s
Timeout         | connection_timeout: 235s
Timeout         | connection_timeout: 236s
Timeout         | connection_timeout: 239s
Timeout         | connection_timeout: 240s
Timeout         | connection_timeout: 241s
Timeout         | connection_timeout: 242s
Timeout         | connection_timeout: 243s
Timeout         | connection_timeout: 244s
Timeout         | connection_timeout: 245s
Timeout         | connection_timeout: 246s
Timeout         | connection_timeout: 248s
Timeout         | connection_timeout: 249s
Timeout         | connection_timeout: 250s
Timeout         | connection_timeout: 251s
Timeout         | connection_timeout: 252s
Timeout         | connection_timeout: 253s
Timeout         | connection_timeout: 255s
Timeout         | connection_timeout: 259s
Timeout         | connection_timeout: 260s
Timeout         | connection_timeout: 262s
Timeout         | connection_timeout: 263s
Timeout         | connection_timeout: 264s
Timeout         | connection_timeout: 265s
Timeout         | connection_timeout: 266s
Timeout         | connection_timeout: 268s
Timeout         | connection_timeout: 269s
Timeout         | connection_timeout: 270s
Timeout         | connection_timeout: 271s
Timeout         | connection_timeout: 273s
Timeout         | connection_timeout: 274s
Timeout         | connection_timeout: 276s
Timeout         | connection_timeout: 277s
Timeout         | connection_timeout: 278s
Timeout         | connection_timeout: 279s
Timeout         | connection_timeout: 280s
Timeout         | connection_timeout: 281s
Timeout         | connection_timeout: 282s
Timeout         | connection_timeout: 284s
Timeout         | connection_timeout: 285s
Timeout         | connection_timeout: 286s
Timeout         | connection_timeout: 289s
Timeout         | connection_timeout: 291s
Timeout         | connection_timeout: 292s
Timeout         | connection_timeout: 295s
Timeout         | connection_timeout: 297s
Timeout         | connection_timeout: 298s
Timeout         | connection_timeout: 299s
Timeout         | connection_timeout: 300s
Timeout         | connection_timeout: 301s
Timeout         | connection_timeout: 302s
Timeout         | connection_timeout: 303s
Timeout         | connection_timeout: 304s
Timeout         | connection_timeout: 305s
Timeout         | connection_timeout: 306s
Timeout         | connection_timeout: 307s
Timeout         | connection_timeout: 308s
Timeout         | connection_timeout: 309s
Timeout         | connection_timeout: 310s
Timeout         | connection_timeout: 40s
Timeout         | connection_timeout: 41s
Timeout         | connection_timeout: 44s
Timeout         | connection_timeout: 45s
Timeout         | connection_timeout: 46s
Timeout         | connection_timeout: 47s
Timeout         | connection_timeout: 49s
Timeout         | connection_timeout: 50s
Timeout         | connection_timeout: 51s
Timeout         | connection_timeout: 52s
Timeout         | connection_timeout: 56s
Timeout         | connection_timeout: 62s
Timeout         | connection_timeout: 63s
Timeout         | connection_timeout: 64s
Timeout         | connection_timeout: 65s
Timeout         | connection_timeout: 66s
Timeout         | connection_timeout: 67s
Timeout         | connection_timeout: 68s
Timeout         | connection_timeout: 72s
Timeout         | connection_timeout: 73s
Timeout         | connection_timeout: 74s
Timeout         | connection_timeout: 76s
Timeout         | connection_timeout: 77s
Timeout         | connection_timeout: 79s
Timeout         | connection_timeout: 81s
Timeout         | connection_timeout: 82s
Timeout         | connection_timeout: 83s
Timeout         | connection_timeout: 84s
Timeout         | connection_timeout: 86s
Timeout         | connection_timeout: 88s
Timeout         | connection_timeout: 90s
Timeout         | connection_timeout: 91s
Timeout         | connection_timeout: 92s
Timeout         | connection_timeout: 93s
Timeout         | connection_timeout: 94s
Timeout         | connection_timeout: 95s
Timeout         | connection_timeout: 96s
Timeout         | connection_timeout: 97s
Timeout         | connection_timeout: 98s
Timeout         | connection_timeout: 99s
ResourceLimit   | cpu_limit: 0.3
ResourceLimit   | cpu_limit: 0.8
Throttle        | cpu_throttling: enabled
ResourceLimit   | disk_quota: 10GB
CircuitBreaker  | error_rate_threshold: 0.10211524164953918
CircuitBreaker  | error_rate_threshold: 0.10221836079866967
CircuitBreaker  | error_rate_threshold: 0.1078729869941598
CircuitBreaker  | error_rate_threshold: 0.1081039991991169
CircuitBreaker  | error_rate_threshold: 0.1148872200453524
CircuitBreaker  | error_rate_threshold: 0.11561170506579917
CircuitBreaker  | error_rate_threshold: 0.11570369416471477
CircuitBreaker  | error_rate_threshold: 0.11800770547966817
CircuitBreaker  | error_rate_threshold: 0.11860594076403164
CircuitBreaker  | error_rate_threshold: 0.11909690634200727
CircuitBreaker  | error_rate_threshold: 0.1191872807237024
CircuitBreaker  | error_rate_threshold: 0.12184344326446786
CircuitBreaker  | error_rate_threshold: 0.1265122802440943
CircuitBreaker  | error_rate_threshold: 0.12683588368759732
CircuitBreaker  | error_rate_threshold: 0.1322688103643005
CircuitBreaker  | error_rate_threshold: 0.13231055414659043
CircuitBreaker  | error_rate_threshold: 0.1325115785552111
CircuitBreaker  | error_rate_threshold: 0.1336815098208276
CircuitBreaker  | error_rate_threshold: 0.1341357240707433
CircuitBreaker  | error_rate_threshold: 0.13422388768228935
CircuitBreaker  | error_rate_threshold: 0.1386909890938231
CircuitBreaker  | error_rate_threshold: 0.14017909032567744
CircuitBreaker  | error_rate_threshold: 0.14098477771814208
CircuitBreaker  | error_rate_threshold: 0.141239974835523
CircuitBreaker  | error_rate_threshold: 0.1424167944831526
CircuitBreaker  | error_rate_threshold: 0.14341898410624776
CircuitBreaker  | error_rate_threshold: 0.14481701468769126
CircuitBreaker  | error_rate_threshold: 0.14640540640645813
CircuitBreaker  | error_rate_threshold: 0.15182287664026894
CircuitBreaker  | error_rate_threshold: 0.1531197163718747
CircuitBreaker  | error_rate_threshold: 0.15668531390390392
CircuitBreaker  | error_rate_threshold: 0.156909018067371
CircuitBreaker  | error_rate_threshold: 0.15758288600180254
CircuitBreaker  | error_rate_threshold: 0.15789553978875884
CircuitBreaker  | error_rate_threshold: 0.15835786885054884
CircuitBreaker  | error_rate_threshold: 0.15860070563663867
CircuitBreaker  | error_rate_threshold: 0.16084024204909841
CircuitBreaker  | error_rate_threshold: 0.16186965526674177
CircuitBreaker  | error_rate_threshold: 0.16587755765992007
CircuitBreaker  | error_rate_threshold: 0.17057314116679623
CircuitBreaker  | error_rate_threshold: 0.1712859145446931
CircuitBreaker  | error_rate_threshold: 0.17224597468415626
CircuitBreaker  | error_rate_threshold: 0.17288650442795478
CircuitBreaker  | error_rate_threshold: 0.1741038848493152
CircuitBreaker  | error_rate_threshold: 0.17709607785535947
CircuitBreaker  | error_rate_threshold: 0.19143937101293895
CircuitBreaker  | error_rate_threshold: 0.19692445968488342
CircuitBreaker  | error_rate_threshold: 0.19749437986222082
CircuitBreaker  | error_rate_threshold: 0.19887261489246688
CircuitBreaker  | error_rate_threshold: 0.19955385941315182
CircuitBreaker  | error_rate_threshold: 0.20161165565296973
CircuitBreaker  | error_rate_threshold: 0.20247378976796987
CircuitBreaker  | error_rate_threshold: 0.20273215420123414
CircuitBreaker  | error_rate_threshold: 0.20314479938017832
CircuitBreaker  | error_rate_threshold: 0.20462114791951802
CircuitBreaker  | error_rate_threshold: 0.20726975280392593
CircuitBreaker  | error_rate_threshold: 0.2082628818935537
CircuitBreaker  | error_rate_threshold: 0.21121732403695354
CircuitBreaker  | error_rate_threshold: 0.2204900961044606
CircuitBreaker  | error_rate_threshold: 0.22173534494133645
CircuitBreaker  | error_rate_threshold: 0.22305016719486687
CircuitBreaker  | error_rate_threshold: 0.22532834231945886
CircuitBreaker  | error_rate_threshold: 0.2269129899173616
CircuitBreaker  | error_rate_threshold: 0.22756567481878875
CircuitBreaker  | error_rate_threshold: 0.2281292098053963
CircuitBreaker  | error_rate_threshold: 0.22816716922767466
CircuitBreaker  | error_rate_threshold: 0.23012129439238604
CircuitBreaker  | error_rate_threshold: 0.23286741366286068
CircuitBreaker  | error_rate_threshold: 0.23287418703343896
CircuitBreaker  | error_rate_threshold: 0.23536161867873473
CircuitBreaker  | error_rate_threshold: 0.23607900185767391
CircuitBreaker  | error_rate_threshold: 0.23756319784405822
CircuitBreaker  | error_rate_threshold: 0.23963054853368482
CircuitBreaker  | error_rate_threshold: 0.24069751674739584
CircuitBreaker  | error_rate_threshold: 0.24105541929884639
CircuitBreaker  | error_rate_threshold: 0.24309128241763478
CircuitBreaker  | error_rate_threshold: 0.24435114463545712
CircuitBreaker  | error_rate_threshold: 0.2481037065623898
CircuitBreaker  | error_rate_threshold: 0.24831096784898687
CircuitBreaker  | error_rate_threshold: 0.2511606486828938
CircuitBreaker  | error_rate_threshold: 0.2514309665332693
CircuitBreaker  | error_rate_threshold: 0.2535578251377617
CircuitBreaker  | error_rate_threshold: 0.2556528456675065
CircuitBreaker  | error_rate_threshold: 0.2566910759168822
CircuitBreaker  | error_rate_threshold: 0.2579511864782627
CircuitBreaker  | error_rate_threshold: 0.2588629327884642
CircuitBreaker  | error_rate_threshold: 0.2596316183197881
CircuitBreaker  | error_rate_threshold: 0.26553400226566726
CircuitBreaker  | error_rate_threshold: 0.27515627180592617
CircuitBreaker  | error_rate_threshold: 0.2826521857226364
CircuitBreaker  | error_rate_threshold: 0.28488015455182564
CircuitBreaker  | error_rate_threshold: 0.2887746111678835
CircuitBreaker  | error_rate_threshold: 0.2900129512801344
CircuitBreaker  | error_rate_threshold: 0.2926447697248461
CircuitBreaker  | error_rate_threshold: 0.2932858620633525
CircuitBreaker  | error_rate_threshold: 0.29398701359913615
CircuitBreaker  | error_rate_threshold: 0.30261543248946454
CircuitBreaker  | error_rate_threshold: 0.3060601283922004
CircuitBreaker  | error_rate_threshold: 0.31049243124059994
CircuitBreaker  | error_rate_threshold: 0.31064355873299726
CircuitBreaker  | error_rate_threshold: 0.31068381302429504
CircuitBreaker  | error_rate_threshold: 0.31199805944214043
CircuitBreaker  | error_rate_threshold: 0.31445407217136945
CircuitBreaker  | error_rate_threshold: 0.3145798488799663
CircuitBreaker  | error_rate_threshold: 0.3155326564293611
CircuitBreaker  | error_rate_threshold: 0.31863176362829404
CircuitBreaker  | error_rate_threshold: 0.3221793546776207
CircuitBreaker  | error_rate_threshold: 0.3223815079776562
CircuitBreaker  | error_rate_threshold: 0.326345631127681
CircuitBreaker  | error_rate_threshold: 0.32788538828490743
CircuitBreaker  | error_rate_threshold: 0.32793005083788185
CircuitBreaker  | error_rate_threshold: 0.3317710603314719
CircuitBreaker  | error_rate_threshold: 0.3348353237786639
CircuitBreaker  | error_rate_threshold: 0.3395794143020699
CircuitBreaker  | error_rate_threshold: 0.3403306531474405
CircuitBreaker  | error_rate_threshold: 0.3424701597836053
CircuitBreaker  | error_rate_threshold: 0.34323719325723206
CircuitBreaker  | error_rate_threshold: 0.34428185784030096
CircuitBreaker  | error_rate_threshold: 0.3455481882648601
CircuitBreaker  | error_rate_threshold: 0.3491226815466083
CircuitBreaker  | error_rate_threshold: 0.3508111363341391
CircuitBreaker  | error_rate_threshold: 0.3518029554104253
CircuitBreaker  | error_rate_threshold: 0.3521459173718007
CircuitBreaker  | error_rate_threshold: 0.3573744217928835
CircuitBreaker  | error_rate_threshold: 0.3593528711313011
CircuitBreaker  | error_rate_threshold: 0.36218707159673824
CircuitBreaker  | error_rate_threshold: 0.3658405382720187
CircuitBreaker  | error_rate_threshold: 0.3728214362253538
CircuitBreaker  | error_rate_threshold: 0.37382681238690907
CircuitBreaker  | error_rate_threshold: 0.37470278659170064
CircuitBreaker  | error_rate_threshold: 0.3752054864959743
CircuitBreaker  | error_rate_threshold: 0.37638874010504175
CircuitBreaker  | error_rate_threshold: 0.3793840332034394
CircuitBreaker  | error_rate_threshold: 0.379452062177282
CircuitBreaker  | error_rate_threshold: 0.38145341080875006
CircuitBreaker  | error_rate_threshold: 0.3836122350640909
CircuitBreaker  | error_rate_threshold: 0.3837196460208967
CircuitBreaker  | error_rate_threshold: 0.3837414775679434
CircuitBreaker  | error_rate_threshold: 0.3856053297673888
CircuitBreaker  | error_rate_threshold: 0.3857176049199028
CircuitBreaker  | error_rate_threshold: 0.3889793480020852
CircuitBreaker  | error_rate_threshold: 0.38920813529264375
CircuitBreaker  | error_rate_threshold: 0.39110087910310365
CircuitBreaker  | error_rate_threshold: 0.39351475335830544
CircuitBreaker  | error_rate_threshold: 0.39423896601662545
CircuitBreaker  | error_rate_threshold: 0.39470401958529044
CircuitBreaker  | error_rate_threshold: 0.3949722786934532
CircuitBreaker  | error_rate_threshold: 0.3958766853702035
CircuitBreaker  | error_rate_threshold: 0.3983033442374223
CircuitBreaker  | error_rate_threshold: 0.4006920277817043
CircuitBreaker  | error_rate_threshold: 0.4035061727123972
CircuitBreaker  | error_rate_threshold: 0.4046258729274078
CircuitBreaker  | error_rate_threshold: 0.40893123804449827
CircuitBreaker  | error_rate_threshold: 0.41142334108807976
CircuitBreaker  | error_rate_threshold: 0.4134008171338547
CircuitBreaker  | error_rate_threshold: 0.4159863526862372
CircuitBreaker  | error_rate_threshold: 0.4201706459972966
CircuitBreaker  | error_rate_threshold: 0.4289250348318716
CircuitBreaker  | error_rate_threshold: 0.42956812389273913
CircuitBreaker  | error_rate_threshold: 0.42972753811161624
CircuitBreaker  | error_rate_threshold: 0.43250715278952956
CircuitBreaker  | error_rate_threshold: 0.43397762510647486
CircuitBreaker  | error_rate_threshold: 0.43402641964204935
CircuitBreaker  | error_rate_threshold: 0.4354432982526799
CircuitBreaker  | error_rate_threshold: 0.44096167216512727
CircuitBreaker  | error_rate_threshold: 0.45236695409674954
CircuitBreaker  | error_rate_threshold: 0.4538132007829575
CircuitBreaker  | error_rate_threshold: 0.4573233789377299
CircuitBreaker  | error_rate_threshold: 0.4586843961853114
CircuitBreaker  | error_rate_threshold: 0.4616112904399734
CircuitBreaker  | error_rate_threshold: 0.4631592958310352
CircuitBreaker  | error_rate_threshold: 0.46862571493540783
CircuitBreaker  | error_rate_threshold: 0.4687569543431648
CircuitBreaker  | error_rate_threshold: 0.46897888024940215
CircuitBreaker  | error_rate_threshold: 0.4690119047190423
CircuitBreaker  | error_rate_threshold: 0.47024948608552697
CircuitBreaker  | error_rate_threshold: 0.4710413682958261
CircuitBreaker  | error_rate_threshold: 0.47301622253843956
CircuitBreaker  | error_rate_threshold: 0.47370922377607183
CircuitBreaker  | error_rate_threshold: 0.47378370715976736
CircuitBreaker  | error_rate_threshold: 0.47645051593572596
CircuitBreaker  | error_rate_threshold: 0.48152462193772516
CircuitBreaker  | error_rate_threshold: 0.4819688778413519
CircuitBreaker  | error_rate_threshold: 0.4820727428166841
CircuitBreaker  | error_rate_threshold: 0.48281669093076995
CircuitBreaker  | error_rate_threshold: 0.4830683195791793
CircuitBreaker  | error_rate_threshold: 0.4831134047184634
CircuitBreaker  | error_rate_threshold: 0.48745076019199207
CircuitBreaker  | error_rate_threshold: 0.48857140042360425
CircuitBreaker  | error_rate_threshold: 0.4895451213682145
CircuitBreaker  | error_rate_threshold: 0.49177330410232256
CircuitBreaker  | error_rate_threshold: 0.5027302698877238
CircuitBreaker  | error_rate_threshold: 0.5039295999269678
CircuitBreaker  | error_rate_threshold: 0.5090007234512033
CircuitBreaker  | error_rate_threshold: 0.5128577697870105
CircuitBreaker  | error_rate_threshold: 0.5133719337511568
CircuitBreaker  | error_rate_threshold: 0.514441391241642
CircuitBreaker  | error_rate_threshold: 0.5150575937208349
CircuitBreaker  | error_rate_threshold: 0.5213910625769003
CircuitBreaker  | error_rate_threshold: 0.5227020478716632
CircuitBreaker  | error_rate_threshold: 0.5248057910348782
CircuitBreaker  | error_rate_threshold: 0.5251836178683572
CircuitBreaker  | error_rate_threshold: 0.5254099547998922
CircuitBreaker  | error_rate_threshold: 0.530034639979631
CircuitBreaker  | error_rate_threshold: 0.5304839060418917
CircuitBreaker  | error_rate_threshold: 0.5324884541036359
CircuitBreaker  | error_rate_threshold: 0.534095940455713
CircuitBreaker  | error_rate_threshold: 0.5348681473497024
CircuitBreaker  | error_rate_threshold: 0.5357184856777509
CircuitBreaker  | error_rate_threshold: 0.5359494058810816
CircuitBreaker  | error_rate_threshold: 0.536898242588892
CircuitBreaker  | error_rate_threshold: 0.5371916069087054
CircuitBreaker  | error_rate_threshold: 0.5378059896229368
CircuitBreaker  | error_rate_threshold: 0.5382645475497868
CircuitBreaker  | error_rate_threshold: 0.5445619416603718
CircuitBreaker  | error_rate_threshold: 0.5513635548594165
CircuitBreaker  | error_rate_threshold: 0.5550158833867299
CircuitBreaker  | error_rate_threshold: 0.5646933105790956
CircuitBreaker  | error_rate_threshold: 0.5711461791481176
CircuitBreaker  | error_rate_threshold: 0.5760597664893038
CircuitBreaker  | error_rate_threshold: 0.5782748248797159
CircuitBreaker  | error_rate_threshold: 0.5816187864652429
CircuitBreaker  | error_rate_threshold: 0.5819772682496235
CircuitBreaker  | error_rate_threshold: 0.5859734332276045
CircuitBreaker  | error_rate_threshold: 0.5930456680807841
CircuitBreaker  | error_rate_threshold: 0.5931732156128112
CircuitBreaker  | error_rate_threshold: 0.594127719148984
CircuitBreaker  | error_rate_threshold: 0.5960025781385325
CircuitBreaker  | error_rate_threshold: 0.5981923603056774
CircuitBreaker  | error_rate_threshold: 0.5994551136332702
CircuitBreaker  | error_rate_threshold: 0.6000112231282663
CircuitBreaker  | error_rate_threshold: 0.6027253592862789
CircuitBreaker  | error_rate_threshold: 0.6029054086634337
CircuitBreaker  | error_rate_threshold: 0.6088472509443713
CircuitBreaker  | error_rate_threshold: 0.6107827323306151
CircuitBreaker  | error_rate_threshold: 0.611003115566586
CircuitBreaker  | error_rate_threshold: 0.6149786749946073
CircuitBreaker  | error_rate_threshold: 0.6160677328894045
CircuitBreaker  | error_rate_threshold: 0.6165268631050711
CircuitBreaker  | error_rate_threshold: 0.6170000368355332
CircuitBreaker  | error_rate_threshold: 0.621089324893218
CircuitBreaker  | error_rate_threshold: 0.6227379197052362
CircuitBreaker  | error_rate_threshold: 0.6253542669425658
CircuitBreaker  | error_rate_threshold: 0.6294448817976881
CircuitBreaker  | error_rate_threshold: 0.6302368382670398
CircuitBreaker  | error_rate_threshold: 0.6354503771578863
CircuitBreaker  | error_rate_threshold: 0.6371477033933386
CircuitBreaker  | error_rate_threshold: 0.6393076714723017
CircuitBreaker  | error_rate_threshold: 0.6395103618337143
CircuitBreaker  | error_rate_threshold: 0.6413763039900073
CircuitBreaker  | error_rate_threshold: 0.6430139717170863
CircuitBreaker  | error_rate_threshold: 0.6523581994298155
CircuitBreaker  | error_rate_threshold: 0.6532685141373277
CircuitBreaker  | error_rate_threshold: 0.6533411800524184
CircuitBreaker  | error_rate_threshold: 0.65701877736191
CircuitBreaker  | error_rate_threshold: 0.658559901139433
CircuitBreaker  | error_rate_threshold: 0.658692809542029
CircuitBreaker  | error_rate_threshold: 0.6589901411348518
CircuitBreaker  | error_rate_threshold: 0.6630819946413816
CircuitBreaker  | error_rate_threshold: 0.6635959163081938
CircuitBreaker  | error_rate_threshold: 0.6637355234907986
CircuitBreaker  | error_rate_threshold: 0.6675268354989699
CircuitBreaker  | error_rate_threshold: 0.6697058337414672
CircuitBreaker  | error_rate_threshold: 0.6701135613389093
CircuitBreaker  | error_rate_threshold: 0.6762303988308648
CircuitBreaker  | error_rate_threshold: 0.6830487550081792
CircuitBreaker  | error_rate_threshold: 0.6850524462939459
CircuitBreaker  | error_rate_threshold: 0.6857486137567746
CircuitBreaker  | error_rate_threshold: 0.6888203668801773
CircuitBreaker  | error_rate_threshold: 0.6891144002961411
CircuitBreaker  | error_rate_threshold: 0.6929897991154833
CircuitBreaker  | error_rate_threshold: 0.693922590720142
CircuitBreaker  | error_rate_threshold: 0.6952202903335556
CircuitBreaker  | error_rate_threshold: 0.6960789389885877
CircuitBreaker  | error_rate_threshold: 0.6988919487092694
CircuitBreaker  | error_rate_threshold: 0.6992066124613616
CircuitBreaker  | error_rate_threshold: 0.7058634038653337
CircuitBreaker  | error_rate_threshold: 0.7064566094966312
CircuitBreaker  | error_rate_threshold: 0.708430043159075
CircuitBreaker  | error_rate_threshold: 0.7095061559183392
CircuitBreaker  | error_rate_threshold: 0.7176274514163784
CircuitBreaker  | error_rate_threshold: 0.7190310991671514
CircuitBreaker  | error_rate_threshold: 0.7224025865454212
CircuitBreaker  | error_rate_threshold: 0.7244220956485561
CircuitBreaker  | error_rate_threshold: 0.7247100517720062
CircuitBreaker  | error_rate_threshold: 0.7253507875831754
CircuitBreaker  | error_rate_threshold: 0.7261937142246714
CircuitBreaker  | error_rate_threshold: 0.7396526070835278
CircuitBreaker  | error_rate_threshold: 0.7401243347839913
CircuitBreaker  | error_rate_threshold: 0.7428593510687077
CircuitBreaker  | error_rate_threshold: 0.7460218518219447
CircuitBreaker  | error_rate_threshold: 0.7467142050455856
CircuitBreaker  | error_rate_threshold: 0.7469106565484299
CircuitBreaker  | error_rate_threshold: 0.7486688640055852
CircuitBreaker  | error_rate_threshold: 0.7494511897318511
CircuitBreaker  | error_rate_threshold: 0.7509658618648548
CircuitBreaker  | error_rate_threshold: 0.7520898011681537
CircuitBreaker  | error_rate_threshold: 0.7530017193305911
CircuitBreaker  | error_rate_threshold: 0.7593032005231275
CircuitBreaker  | error_rate_threshold: 0.7615979199528364
CircuitBreaker  | error_rate_threshold: 0.7618603659168971
CircuitBreaker  | error_rate_threshold: 0.7632046765573731
CircuitBreaker  | error_rate_threshold: 0.763242266353953
CircuitBreaker  | error_rate_threshold: 0.7660250417821135
CircuitBreaker  | error_rate_threshold: 0.7692010414435425
CircuitBreaker  | error_rate_threshold: 0.769363499752153
CircuitBreaker  | error_rate_threshold: 0.7695858720965078
CircuitBreaker  | error_rate_threshold: 0.7737321944092407
CircuitBreaker  | error_rate_threshold: 0.7764783968158699
CircuitBreaker  | error_rate_threshold: 0.7765745350777132
CircuitBreaker  | error_rate_threshold: 0.7776818943162085
CircuitBreaker  | error_rate_threshold: 0.7801793947624842
CircuitBreaker  | error_rate_threshold: 0.7807964489900883
CircuitBreaker  | error_rate_threshold: 0.7842532153277995
CircuitBreaker  | error_rate_threshold: 0.786063754009582
CircuitBreaker  | error_rate_threshold: 0.7888011363959428
CircuitBreaker  | error_rate_threshold: 0.7902111969316364
CircuitBreaker  | error_rate_threshold: 0.79065809265666
CircuitBreaker  | error_rate_threshold: 0.7915944104844118
CircuitBreaker  | error_rate_threshold: 0.7924301863322317
CircuitBreaker  | error_rate_threshold: 0.792455416400803
CircuitBreaker  | error_rate_threshold: 0.7943729895054592
CircuitBreaker  | error_rate_threshold: 0.7953903870155964
CircuitBreaker  | error_rate_threshold: 0.7986197680068414
CircuitBreaker  | error_rate_threshold: 0.7997190815751865
CircuitBreaker  | error_rate_threshold: 0.8072259504505536
CircuitBreaker  | error_rate_threshold: 0.8096121782332145
CircuitBreaker  | error_rate_threshold: 0.8100630612824479
CircuitBreaker  | error_rate_threshold: 0.812600919170384
CircuitBreaker  | error_rate_threshold: 0.8174059109294501
CircuitBreaker  | error_rate_threshold: 0.8182987791911844
CircuitBreaker  | error_rate_threshold: 0.8229647330126076
CircuitBreaker  | error_rate_threshold: 0.824525150064197
CircuitBreaker  | error_rate_threshold: 0.8258554639988797
CircuitBreaker  | error_rate_threshold: 0.8274765837195597
CircuitBreaker  | error_rate_threshold: 0.8349864550714801
CircuitBreaker  | error_rate_threshold: 0.8386442496769332
CircuitBreaker  | error_rate_threshold: 0.8429606057912652
CircuitBreaker  | error_rate_threshold: 0.8435640046638667
CircuitBreaker  | error_rate_threshold: 0.8455847389691825
CircuitBreaker  | error_rate_threshold: 0.8456106342319668
CircuitBreaker  | error_rate_threshold: 0.8505571273210702
CircuitBreaker  | error_rate_threshold: 0.8534163584247402
CircuitBreaker  | error_rate_threshold: 0.8535038616018421
CircuitBreaker  | error_rate_threshold: 0.853776126202839
CircuitBreaker  | error_rate_threshold: 0.8542049947887177
CircuitBreaker  | error_rate_threshold: 0.8563731404460184
CircuitBreaker  | error_rate_threshold: 0.8569072779381385
CircuitBreaker  | error_rate_threshold: 0.8580027159057515
CircuitBreaker  | error_rate_threshold: 0.8594921146845524
CircuitBreaker  | error_rate_threshold: 0.8608807594412335
CircuitBreaker  | error_rate_threshold: 0.8641341680235631
CircuitBreaker  | error_rate_threshold: 0.8642819160527718
CircuitBreaker  | error_rate_threshold: 0.872045913949642
CircuitBreaker  | error_rate_threshold: 0.8722246911394322
CircuitBreaker  | error_rate_threshold: 0.876732079785239
CircuitBreaker  | error_rate_threshold: 0.8770661480966488
CircuitBreaker  | error_rate_threshold: 0.8775025520076157
CircuitBreaker  | error_rate_threshold: 0.8784825549072056
CircuitBreaker  | error_rate_threshold: 0.8803961482428904
CircuitBreaker  | error_rate_threshold: 0.8806539814996581
CircuitBreaker  | error_rate_threshold: 0.8810205800931294
CircuitBreaker  | error_rate_threshold: 0.8837057495024391
CircuitBreaker  | error_rate_threshold: 0.886265947113034
CircuitBreaker  | error_rate_threshold: 0.8870366769286933
CircuitBreaker  | error_rate_threshold: 0.8908734526995588
CircuitBreaker  | error_rate_threshold: 0.8960691865465693
CircuitBreaker  | error_rate_threshold: 0.8977399719980721
CircuitBreaker  | error_rate_threshold: 0.8995340130889635
CircuitBreaker  | error_rate_threshold: 0.8995854184711712
CircuitBreaker  | failure_threshold: 5
LoadBalance     | health_check_interval: 30s
LoadBalance     | health_check_interval: 5s
Monitor         | log_level: info
Retry           | max_retries: 3
ResourceLimit   | memory_limit: 1GB
ResourceLimit   | memory_limit: 256MB
Throttle        | memory_throttling: enabled
Monitor         | metrics: enabled
Throttle        | rate_limit: 100
Timeout         | recovery_timeout: 60s
Replicate       | replicas: 2
Replicate       | replicas: 5
Retry           | retry_policy: exponential_backoff
ServiceConfig   | service_name: api-backend
ServiceConfig   | service_name: api-gateway
ServiceConfig   | service_name: auth-service
ServiceConfig   | service_name: batch-processing-queue
ServiceConfig   | service_name: load-balancer
ServiceConfig   | service_name: mongodb-shard
ServiceConfig   | service_name: mysql-primary
ServiceConfig   | service_name: nginx-proxy
ServiceConfig   | service_name: notification-queue
ServiceConfig   | service_name: notification-service
ServiceConfig   | service_name: payment-queue
ServiceConfig   | service_name: payment-service
ServiceConfig   | service_name: postgres-replica
ServiceConfig   | service_name: redis-cache
ServiceConfig   | service_name: subnet-private
ServiceConfig   | service_name: user-service
ServiceConfig   | service_name: vpc-main
ServiceConfig   | service_name: web-frontend
ServiceConfig   | service_name: worker-consumer
Throttle        | throttle: enabled
Timeout         | timeout: 101s
Timeout         | timeout: 102s
Timeout         | timeout: 103s
Timeout         | timeout: 104s
Timeout         | timeout: 105s
Timeout         | timeout: 108s
Timeout         | timeout: 109s
Timeout         | timeout: 110s
Timeout         | timeout: 111s
Timeout         | timeout: 112s
Timeout         | timeout: 113s
Timeout         | timeout: 114s
Timeout         | timeout: 117s
Timeout         | timeout: 118s
Timeout         | timeout: 120s
Timeout         | timeout: 121s
Timeout         | timeout: 122s
Timeout         | timeout: 125s
Timeout         | timeout: 126s
Timeout         | timeout: 127s
Timeout         | timeout: 129s
Timeout         | timeout: 133s
Timeout         | timeout: 134s
Timeout         | timeout: 137s
Timeout         | timeout: 138s
Timeout         | timeout: 139s
Timeout         | timeout: 141s
Timeout         | timeout: 142s
Timeout         | timeout: 143s
Timeout         | timeout: 144s
Timeout         | timeout: 145s
Timeout         | timeout: 147s
Timeout         | timeout: 148s
Timeout         | timeout: 149s
Timeout         | timeout: 150s
Timeout         | timeout: 151s
Timeout         | timeout: 152s
Timeout         | timeout: 153s
Timeout         | timeout: 154s
Timeout         | timeout: 155s
Timeout         | timeout: 156s
Timeout         | timeout: 157s
Timeout         | timeout: 159s
Timeout         | timeout: 160s
Timeout         | timeout: 161s
Timeout         | timeout: 162s
Timeout         | timeout: 163s
Timeout         | timeout: 164s
Timeout         | timeout: 165s
Timeout         | timeout: 166s
Timeout         | timeout: 167s
Timeout         | timeout: 168s
Timeout         | timeout: 169s
Timeout         | timeout: 170s
Timeout         | timeout: 171s
Timeout         | timeout: 173s
Timeout         | timeout: 174s
Timeout         | timeout: 175s
Timeout         | timeout: 176s
Timeout         | timeout: 178s
Timeout         | timeout: 180s
Timeout         | timeout: 181s
Timeout         | timeout: 182s
Timeout         | timeout: 183s
Timeout         | timeout: 185s
Timeout         | timeout: 186s
Timeout         | timeout: 187s
Timeout         | timeout: 188s
Timeout         | timeout: 189s
Timeout         | timeout: 190s
Timeout         | timeout: 192s
Timeout         | timeout: 194s
Timeout         | timeout: 195s
Timeout         | timeout: 196s
Timeout         | timeout: 198s
Timeout         | timeout: 199s
Timeout         | timeout: 200s
Timeout         | timeout: 201s
Timeout         | timeout: 202s
Timeout         | timeout: 203s
Timeout         | timeout: 204s
Timeout         | timeout: 206s
Timeout         | timeout: 207s
Timeout         | timeout: 208s
Timeout         | timeout: 210s
Timeout         | timeout: 211s
Timeout         | timeout: 212s
Timeout         | timeout: 214s
Timeout         | timeout: 215s
Timeout         | timeout: 216s
Timeout         | timeout: 217s
Timeout         | timeout: 218s
Timeout         | timeout: 221s
Timeout         | timeout: 222s
Timeout         | timeout: 223s
Timeout         | timeout: 224s
Timeout         | timeout: 225s
Timeout         | timeout: 226s
Timeout         | timeout: 229s
Timeout         | timeout: 230s
Timeout         | timeout: 231s
Timeout         | timeout: 232s
Timeout         | timeout: 233s
Timeout         | timeout: 234s
Timeout         | timeout: 235s
Timeout         | timeout: 236s
Timeout         | timeout: 238s
Timeout         | timeout: 239s
Timeout         | timeout: 240s
Timeout         | timeout: 241s
Timeout         | timeout: 242s
Timeout         | timeout: 243s
Timeout         | timeout: 245s
Timeout         | timeout: 249s
Timeout         | timeout: 250s
Timeout         | timeout: 252s
Timeout         | timeout: 253s
Timeout         | timeout: 254s
Timeout         | timeout: 255s
Timeout         | timeout: 256s
Timeout         | timeout: 258s
Timeout         | timeout: 259s
Timeout         | timeout: 260s
Timeout         | timeout: 261s
Timeout         | timeout: 263s
Timeout         | timeout: 264s
Timeout         | timeout: 266s
Timeout         | timeout: 267s
Timeout         | timeout: 268s
Timeout         | timeout: 269s
Timeout         | timeout: 270s
Timeout         | timeout: 271s
Timeout         | timeout: 272s
Timeout         | timeout: 274s
Timeout         | timeout: 275s
Timeout         | timeout: 276s
Timeout         | timeout: 279s
Timeout         | timeout: 281s
Timeout         | timeout: 282s
Timeout         | timeout: 285s
Timeout         | timeout: 287s
Timeout         | timeout: 288s
Timeout         | timeout: 289s
Timeout         | timeout: 290s
Timeout         | timeout: 291s
Timeout         | timeout: 292s
Timeout         | timeout: 293s
Timeout         | timeout: 294s
Timeout         | timeout: 295s
Timeout         | timeout: 296s
Timeout         | timeout: 297s
Timeout         | timeout: 298s
Timeout         | timeout: 299s
Timeout         | timeout: 300s
Timeout         | timeout: 30s
Timeout         | timeout: 31s
Timeout         | timeout: 34s
Timeout         | timeout: 35s
Timeout         | timeout: 36s
Timeout         | timeout: 37s
Timeout         | timeout: 39s
Timeout         | timeout: 40s
Timeout         | timeout: 41s
Timeout         | timeout: 42s
Timeout         | timeout: 46s
Timeout         | timeout: 52s
Timeout         | timeout: 53s
Timeout         | timeout: 54s
Timeout         | timeout: 55s
Timeout         | timeout: 56s
Timeout         | timeout: 57s
Timeout         | timeout: 58s
Timeout         | timeout: 62s
Timeout         | timeout: 63s
Timeout         | timeout: 64s
Timeout         | timeout: 66s
Timeout         | timeout: 67s
Timeout         | timeout: 69s
Timeout         | timeout: 71s
Timeout         | timeout: 72s
Timeout         | timeout: 73s
Timeout         | timeout: 74s
Timeout         | timeout: 76s
Timeout         | timeout: 78s
Timeout         | timeout: 80s
Timeout         | timeout: 81s
Timeout         | timeout: 82s
Timeout         | timeout: 83s
Timeout         | timeout: 84s
Timeout         | timeout: 85s
Timeout         | timeout: 86s
Timeout         | timeout: 87s
Timeout         | timeout: 88s
Timeout         | timeout: 89s
Timeout         | timeout: 91s
Timeout         | timeout: 93s
Timeout         | timeout: 94s
Timeout         | timeout: 95s
Timeout         | timeout: 96s
Timeout         | timeout: 98s
Timeout         | timeout: 99s
